TN:
SF:src/ERC1155TokenReceiver.sol
FN:5,ERC1155TokenReceiver.onERC1155Received
FNDA:4759,ERC1155TokenReceiver.onERC1155Received
DA:6,4759
DA:6,4759
FN:9,ERC1155TokenReceiver.onERC1155BatchReceived
FNDA:0,ERC1155TokenReceiver.onERC1155BatchReceived
DA:14,0
DA:14,0
FNF:2
FNH:1
LF:2
LH:1
BRF:0
BRH:0
end_of_record
TN:
SF:src/InterestLib.sol
FN:8,InterestLib.pow
FNDA:3935,InterestLib.pow
DA:9,111583
DA:9,111583
BRDA:9,0,0,3935
BRDA:9,0,1,107648
DA:10,3935
DA:10,3935
DA:11,107648
DA:11,107648
DA:11,107648
BRDA:11,1,0,69606
BRDA:11,1,1,38042
DA:12,69606
DA:12,69606
DA:12,69606
DA:13,69606
DA:13,69606
DA:13,69606
DA:13,69606
DA:15,38042
DA:15,38042
DA:15,38042
DA:15,38042
DA:15,38042
FNF:1
FNH:1
LF:6
LH:6
BRF:4
BRH:4
end_of_record
TN:
SF:src/PolyLend.sol
FN:83,PolyLend.
FNDA:273,PolyLend.
DA:84,273
DA:84,273
DA:85,273
DA:85,273
FN:88,PolyLend.getAmountOwed
FNDA:2102,PolyLend.getAmountOwed
DA:89,2102
DA:89,2102
DA:89,2102
DA:90,2102
DA:90,2102
DA:90,2102
FN:94,PolyLend.request
FNDA:9341,PolyLend.request
DA:98,9341
DA:98,9341
BRDA:98,0,0,1
BRDA:98,0,1,9340
DA:99,1
DA:99,1
DA:102,9340
DA:102,9340
DA:102,9340
BRDA:102,1,0,1
BRDA:102,1,1,9339
DA:103,1
DA:103,1
DA:106,9339
DA:106,9339
BRDA:106,2,0,1
BRDA:106,2,1,9338
DA:107,1
DA:107,1
DA:110,9338
DA:110,9338
DA:111,9338
DA:111,9338
DA:113,9338
DA:113,9338
DA:114,9338
DA:114,9338
DA:116,9338
DA:116,9338
FN:120,PolyLend.cancelRequest
FNDA:1608,PolyLend.cancelRequest
DA:121,1608
DA:121,1608
BRDA:121,3,0,536
BRDA:121,3,1,1072
DA:122,536
DA:122,536
DA:125,1072
DA:125,1072
FN:129,PolyLend.offer
FNDA:8539,PolyLend.offer
DA:130,8539
DA:130,8539
DA:130,8539
BRDA:130,4,0,541
BRDA:130,4,1,7998
DA:131,541
DA:131,541
DA:134,7998
DA:134,7998
DA:134,7998
BRDA:134,5,0,269
BRDA:134,5,1,7729
DA:135,269
DA:135,269
DA:138,7729
DA:138,7729
DA:138,7729
BRDA:138,6,0,269
BRDA:138,6,1,7460
DA:139,269
DA:139,269
DA:142,7460
DA:142,7460
DA:142,7460
DA:142,7191
BRDA:142,7,0,538
BRDA:142,7,1,6922
DA:143,538
DA:143,538
DA:146,6922
DA:146,6922
DA:147,6922
DA:147,6922
DA:149,6922
DA:149,6922
DA:151,6922
DA:151,6922
DA:153,6922
DA:153,6922
FN:157,PolyLend.cancelOffer
FNDA:1355,PolyLend.cancelOffer
DA:158,1355
DA:158,1355
BRDA:158,8,0,542
BRDA:158,8,1,813
DA:159,542
DA:159,542
DA:162,813
DA:162,813
FN:166,PolyLend.accept
FNDA:5840,PolyLend.accept
DA:167,5840
DA:167,5840
DA:168,5840
DA:168,5840
DA:169,5840
DA:169,5840
DA:171,5840
DA:171,5840
BRDA:171,9,0,539
BRDA:171,9,1,5301
DA:172,539
DA:172,539
DA:175,5301
DA:175,5301
DA:175,5301
BRDA:175,10,0,542
BRDA:175,10,1,4759
DA:176,542
DA:176,542
DA:179,4759
DA:179,4759
DA:180,4759
DA:180,4759
DA:182,4759
DA:182,4759
DA:183,4759
DA:183,4759
DA:184,4759
DA:184,4759
DA:187,4759
DA:187,4759
DA:200,4759
DA:200,4759
DA:203,4759
DA:203,4759
DA:206,4759
DA:206,4759
DA:209,4759
DA:209,4759
DA:211,4759
DA:211,4759
DA:213,4759
DA:213,4759
FN:217,PolyLend.call
FNDA:2933,PolyLend.call
DA:218,2933
DA:218,2933
DA:218,2933
BRDA:218,11,0,267
BRDA:218,11,1,2666
DA:219,267
DA:219,267
DA:222,2666
DA:222,2666
BRDA:222,12,0,267
BRDA:222,12,1,2399
DA:223,267
DA:223,267
DA:226,2399
DA:226,2399
DA:226,2399
BRDA:226,13,0,267
BRDA:226,13,1,2132
DA:227,267
DA:227,267
DA:230,2132
DA:230,2132
BRDA:230,14,0,267
BRDA:230,14,1,1865
DA:231,267
DA:231,267
DA:234,1865
DA:234,1865
DA:236,1865
DA:236,1865
FN:243,PolyLend.repay
FNDA:2594,PolyLend.repay
DA:244,2594
DA:244,2594
BRDA:244,15,0,518
BRDA:244,15,1,2076
DA:245,518
DA:245,518
DA:250,2076
DA:250,2076
BRDA:250,16,0,257
BRDA:250,16,1,1301
DA:251,1558
DA:251,1558
DA:251,1558
BRDA:251,17,0,257
BRDA:251,17,1,1301
DA:252,257
DA:252,257
DA:257,518
DA:257,518
BRDA:257,18,0,259
BRDA:257,18,1,259
DA:258,259
DA:258,259
DA:263,1560
DA:263,1560
DA:263,1560
DA:264,1560
DA:264,1560
DA:264,1560
DA:267,1560
DA:267,1560
DA:269,1301
DA:269,1301
DA:274,1301
DA:274,1301
DA:276,1301
DA:276,1301
FN:280,PolyLend.transfer
FNDA:1357,PolyLend.transfer
DA:281,1357
DA:281,1357
DA:281,1357
BRDA:281,19,0,272
BRDA:281,19,1,1085
DA:282,272
DA:282,272
DA:285,1085
DA:285,1085
BRDA:285,20,0,272
BRDA:285,20,1,813
DA:286,272
DA:286,272
DA:289,813
DA:289,813
DA:289,813
BRDA:289,21,0,271
BRDA:289,21,1,542
DA:290,271
DA:290,271
DA:293,542
DA:293,542
DA:293,542
DA:293,542
DA:296,542
DA:296,542
BRDA:296,22,0,271
BRDA:296,22,1,271
DA:297,271
DA:297,271
DA:301,271
DA:301,271
DA:301,271
DA:305,271
DA:305,271
DA:306,271
DA:306,271
DA:308,271
DA:308,271
DA:311,271
DA:311,271
DA:324,271
DA:324,271
DA:327,271
DA:327,271
DA:329,271
DA:329,271
FN:332,PolyLend._calculateAmountOwed
FNDA:3933,PolyLend._calculateAmountOwed
DA:337,3933
DA:337,3933
DA:337,3933
DA:338,3933
DA:338,3933
DA:338,3933
DA:338,3933
FNF:11
FNH:11
LF:95
LH:95
BRF:46
BRH:46
end_of_record
TN:
SF:src/dev/DeployLib.sol
FN:7,DeployLib._deployCode
FNDA:40,DeployLib._deployCode
DA:8,40
DA:8,40
DA:8,40
FN:11,DeployLib._deployCode
FNDA:40,DeployLib._deployCode
DA:12,40
DA:12,40
DA:12,40
DA:14,40
DA:14,40
FN:18,DeployLib.deployConditionalTokens
FNDA:40,DeployLib.deployConditionalTokens
DA:19,40
DA:19,40
DA:19,40
DA:20,40
DA:20,40
DA:21,40
DA:21,40
FNF:3
FNH:3
LF:6
LH:6
BRF:0
BRH:0
end_of_record
TN:
SF:src/dev/USDC.sol
FN:7,USDC.name
FNDA:0,USDC.name
DA:8,0
DA:8,0
FN:11,USDC.symbol
FNDA:0,USDC.symbol
DA:12,0
DA:12,0
FN:15,USDC.decimals
FNDA:0,USDC.decimals
DA:16,0
DA:16,0
FN:19,USDC.mint
FNDA:19698,USDC.mint
DA:20,19698
DA:20,19698
FNF:4
FNH:1
LF:4
LH:1
BRF:0
BRH:0
end_of_record
TN:
SF:src/test/PolyLendTestHelper.sol
FN:25,PolyLendTestHelper.setUp
FNDA:40,PolyLendTestHelper.setUp
DA:26,40
DA:26,40
DA:27,40
DA:27,40
DA:28,40
DA:28,40
DA:30,40
DA:30,40
DA:31,40
DA:31,40
DA:32,40
DA:32,40
DA:33,40
DA:33,40
DA:35,40
DA:35,40
DA:36,40
DA:36,40
DA:38,40
DA:38,40
DA:38,40
DA:39,40
DA:39,40
DA:41,40
DA:41,40
DA:41,40
DA:42,40
DA:42,40
FN:45,PolyLendTestHelper._mintConditionalTokens
FNDA:9339,PolyLendTestHelper._mintConditionalTokens
DA:46,9339
DA:46,9339
DA:47,9339
DA:47,9339
DA:48,9339
DA:48,9339
DA:50,9339
DA:50,9339
DA:50,9339
DA:51,9339
DA:51,9339
DA:52,9339
DA:52,9339
DA:54,9339
DA:54,9339
DA:55,9339
DA:55,9339
DA:56,9339
DA:56,9339
FN:59,PolyLendTestHelper._getRequest
FNDA:536,PolyLendTestHelper._getRequest
DA:60,536
DA:60,536
DA:61,536
DA:61,536
DA:63,536
DA:63,536
DA:63,536
FN:71,PolyLendTestHelper._getOffer
FNDA:540,PolyLendTestHelper._getOffer
DA:72,540
DA:72,540
DA:72,540
DA:74,540
DA:74,540
DA:74,540
FN:77,PolyLendTestHelper._getLoan
FNDA:1584,PolyLendTestHelper._getLoan
DA:78,1584
DA:78,1584
DA:88,1584
DA:88,1584
DA:90,1584
DA:90,1584
DA:90,1584
FN:103,PolyLendTestHelper._getNewRate
FNDA:813,PolyLendTestHelper._getNewRate
DA:104,813
DA:104,813
DA:104,813
DA:104,813
DA:104,813
DA:104,813
FNF:6
FNH:6
LF:31
LH:31
BRF:0
BRH:0
end_of_record
