TN:
SF:src/ERC1155TokenReceiver.sol
FN:5,ERC1155TokenReceiver.onERC1155Received
FNDA:6095,ERC1155TokenReceiver.onERC1155Received
DA:6,6095
DA:6,6095
FN:9,ERC1155TokenReceiver.onERC1155BatchReceived
FNDA:0,ERC1155TokenReceiver.onERC1155BatchReceived
DA:14,0
DA:14,0
FNF:2
FNH:1
LF:2
LH:1
BRF:0
BRH:0
end_of_record
TN:
SF:src/InterestLib.sol
FN:8,InterestLib.pow
FNDA:3928,InterestLib.pow
DA:9,111521
DA:9,111521
BRDA:9,0,0,3928
BRDA:9,0,1,107593
DA:10,3928
DA:10,3928
DA:11,107593
DA:11,107593
DA:11,107593
BRDA:11,1,0,69454
BRDA:11,1,1,38139
DA:12,69454
DA:12,69454
DA:12,69454
DA:13,69454
DA:13,69454
DA:13,69454
DA:13,69454
DA:15,38139
DA:15,38139
DA:15,38139
DA:15,38139
DA:15,38139
FNF:1
FNH:1
LF:6
LH:6
BRF:4
BRH:4
end_of_record
TN:
SF:src/PolyLend.sol
FN:85,PolyLend.
FNDA:273,PolyLend.
DA:86,273
DA:86,273
DA:87,273
DA:87,273
FN:90,PolyLend.getAmountOwed
FNDA:2098,PolyLend.getAmountOwed
DA:91,2098
DA:91,2098
DA:91,2098
DA:92,2098
DA:92,2098
DA:92,2098
FN:100,PolyLend.request
FNDA:10678,PolyLend.request
DA:104,10678
DA:104,10678
BRDA:104,0,0,1
BRDA:104,0,1,10677
DA:105,1
DA:105,1
DA:108,10677
DA:108,10677
DA:108,10677
BRDA:108,1,0,1
BRDA:108,1,1,10676
DA:109,1
DA:109,1
DA:112,10676
DA:112,10676
BRDA:112,2,0,1
BRDA:112,2,1,10675
DA:113,1
DA:113,1
DA:116,10675
DA:116,10675
DA:117,10675
DA:117,10675
DA:119,10675
DA:119,10675
DA:120,10675
DA:120,10675
DA:122,10675
DA:122,10675
FN:126,PolyLend.cancelRequest
FNDA:1608,PolyLend.cancelRequest
DA:127,1608
DA:127,1608
BRDA:127,3,0,536
BRDA:127,3,1,1072
DA:128,536
DA:128,536
DA:131,1072
DA:131,1072
FN:139,PolyLend.offer
FNDA:9875,PolyLend.offer
DA:140,9875
DA:140,9875
DA:140,9875
BRDA:140,4,0,541
BRDA:140,4,1,9334
DA:141,541
DA:141,541
DA:144,9334
DA:144,9334
DA:144,9334
BRDA:144,5,0,269
BRDA:144,5,1,9065
DA:145,269
DA:145,269
DA:148,9065
DA:148,9065
DA:148,9065
BRDA:148,6,0,269
BRDA:148,6,1,8796
DA:149,269
DA:149,269
DA:152,8796
DA:152,8796
DA:152,8796
DA:152,8527
BRDA:152,7,0,538
BRDA:152,7,1,8258
DA:153,538
DA:153,538
DA:156,8258
DA:156,8258
DA:157,8258
DA:157,8258
DA:159,8258
DA:159,8258
DA:161,8258
DA:161,8258
DA:163,8258
DA:163,8258
FN:167,PolyLend.cancelOffer
FNDA:1355,PolyLend.cancelOffer
DA:168,1355
DA:168,1355
BRDA:168,8,0,542
BRDA:168,8,1,813
DA:169,542
DA:169,542
DA:172,813
DA:172,813
FN:180,PolyLend.accept
FNDA:7176,PolyLend.accept
DA:181,7176
DA:181,7176
DA:182,7176
DA:182,7176
DA:183,7176
DA:183,7176
DA:185,7176
DA:185,7176
BRDA:185,9,0,539
BRDA:185,9,1,6637
DA:186,539
DA:186,539
DA:189,6637
DA:189,6637
DA:189,6637
BRDA:189,10,0,542
BRDA:189,10,1,6095
DA:190,542
DA:190,542
DA:193,6095
DA:193,6095
DA:194,6095
DA:194,6095
DA:196,6095
DA:196,6095
DA:197,6095
DA:197,6095
DA:198,6095
DA:198,6095
DA:201,6095
DA:201,6095
DA:214,6095
DA:214,6095
DA:217,6095
DA:217,6095
DA:220,6095
DA:220,6095
DA:223,6095
DA:223,6095
DA:225,6095
DA:225,6095
DA:227,6095
DA:227,6095
FN:235,PolyLend.call
FNDA:3998,PolyLend.call
DA:236,3998
DA:236,3998
DA:236,3998
BRDA:236,11,0,265
BRDA:236,11,1,3733
DA:237,265
DA:237,265
DA:240,3733
DA:240,3733
BRDA:240,12,0,265
BRDA:240,12,1,3468
DA:241,265
DA:241,265
DA:244,3468
DA:244,3468
DA:244,3468
BRDA:244,13,0,265
BRDA:244,13,1,3203
DA:245,265
DA:245,265
DA:248,3203
DA:248,3203
BRDA:248,14,0,265
BRDA:248,14,1,2938
DA:249,265
DA:249,265
DA:252,2938
DA:252,2938
DA:254,2938
DA:254,2938
FN:265,PolyLend.repay
FNDA:2592,PolyLend.repay
DA:266,2592
DA:266,2592
BRDA:266,15,0,518
BRDA:266,15,1,2074
DA:267,518
DA:267,518
DA:272,2074
DA:272,2074
BRDA:272,16,0,257
BRDA:272,16,1,1299
DA:273,1556
DA:273,1556
DA:273,1556
BRDA:273,17,0,257
BRDA:273,17,1,1299
DA:274,257
DA:274,257
DA:279,518
DA:279,518
BRDA:279,18,0,259
BRDA:279,18,1,259
DA:280,259
DA:280,259
DA:285,1558
DA:285,1558
DA:285,1558
DA:286,1558
DA:286,1558
DA:286,1558
DA:289,1558
DA:289,1558
DA:291,1299
DA:291,1299
DA:296,1299
DA:296,1299
DA:298,1299
DA:298,1299
FN:306,PolyLend.transfer
FNDA:1353,PolyLend.transfer
DA:307,1353
DA:307,1353
DA:307,1353
BRDA:307,19,0,272
BRDA:307,19,1,1081
DA:308,272
DA:308,272
DA:311,1081
DA:311,1081
BRDA:311,20,0,271
BRDA:311,20,1,810
DA:312,271
DA:312,271
DA:315,810
DA:315,810
DA:315,810
BRDA:315,21,0,270
BRDA:315,21,1,540
DA:316,270
DA:316,270
DA:319,540
DA:319,540
DA:319,540
DA:319,540
DA:322,540
DA:322,540
BRDA:322,22,0,270
BRDA:322,22,1,270
DA:323,270
DA:323,270
DA:327,270
DA:327,270
DA:327,270
DA:331,270
DA:331,270
DA:332,270
DA:332,270
DA:334,270
DA:334,270
DA:337,270
DA:337,270
DA:350,270
DA:350,270
DA:353,270
DA:353,270
DA:355,270
DA:355,270
FN:362,PolyLend.reclaim
FNDA:1893,PolyLend.reclaim
DA:363,1893
DA:363,1893
DA:363,1893
BRDA:363,23,0,543
BRDA:363,23,1,1350
DA:364,543
DA:364,543
DA:367,1350
DA:367,1350
BRDA:367,24,0,270
BRDA:367,24,1,1080
DA:368,270
DA:368,270
DA:371,1080
DA:371,1080
BRDA:371,25,0,270
BRDA:371,25,1,810
DA:372,270
DA:372,270
DA:375,810
DA:375,810
DA:375,810
BRDA:375,26,0,270
BRDA:375,26,1,540
DA:376,270
DA:376,270
DA:380,540
DA:380,540
DA:385,540
DA:385,540
DA:387,540
DA:387,540
FN:394,PolyLend._calculateAmountOwed
FNDA:3926,PolyLend._calculateAmountOwed
DA:399,3926
DA:399,3926
DA:399,3926
DA:400,3926
DA:400,3926
DA:400,3926
DA:400,3926
FNF:12
FNH:12
LF:106
LH:106
BRF:54
BRH:54
end_of_record
TN:
SF:src/dev/DeployLib.sol
FN:7,DeployLib._deployCode
FNDA:46,DeployLib._deployCode
DA:8,46
DA:8,46
DA:8,46
FN:11,DeployLib._deployCode
FNDA:46,DeployLib._deployCode
DA:12,46
DA:12,46
DA:12,46
DA:14,46
DA:14,46
FN:18,DeployLib.deployConditionalTokens
FNDA:46,DeployLib.deployConditionalTokens
DA:19,46
DA:19,46
DA:19,46
DA:20,46
DA:20,46
DA:21,46
DA:21,46
FNF:3
FNH:3
LF:6
LH:6
BRF:0
BRH:0
end_of_record
TN:
SF:src/dev/USDC.sol
FN:7,USDC.name
FNDA:0,USDC.name
DA:8,0
DA:8,0
FN:11,USDC.symbol
FNDA:0,USDC.symbol
DA:12,0
DA:12,0
FN:15,USDC.decimals
FNDA:0,USDC.decimals
DA:16,0
DA:16,0
FN:19,USDC.mint
FNDA:22367,USDC.mint
DA:20,22367
DA:20,22367
FNF:4
FNH:1
LF:4
LH:1
BRF:0
BRH:0
end_of_record
TN:
SF:src/test/PolyLendTestHelper.sol
FN:25,PolyLendTestHelper.setUp
FNDA:46,PolyLendTestHelper.setUp
DA:26,46
DA:26,46
DA:27,46
DA:27,46
DA:28,46
DA:28,46
DA:30,46
DA:30,46
DA:31,46
DA:31,46
DA:32,46
DA:32,46
DA:33,46
DA:33,46
DA:35,46
DA:35,46
DA:36,46
DA:36,46
DA:38,46
DA:38,46
DA:38,46
DA:39,46
DA:39,46
DA:41,46
DA:41,46
DA:41,46
DA:42,46
DA:42,46
FN:45,PolyLendTestHelper._mintConditionalTokens
FNDA:10676,PolyLendTestHelper._mintConditionalTokens
DA:46,10676
DA:46,10676
DA:47,10676
DA:47,10676
DA:48,10676
DA:48,10676
DA:50,10676
DA:50,10676
DA:50,10676
DA:51,10676
DA:51,10676
DA:52,10676
DA:52,10676
DA:54,10676
DA:54,10676
DA:55,10676
DA:55,10676
DA:56,10676
DA:56,10676
FN:59,PolyLendTestHelper._getRequest
FNDA:537,PolyLendTestHelper._getRequest
DA:60,537
DA:60,537
DA:61,537
DA:61,537
DA:63,537
DA:63,537
DA:63,537
FN:71,PolyLendTestHelper._getOffer
FNDA:540,PolyLendTestHelper._getOffer
DA:72,540
DA:72,540
DA:72,540
DA:74,540
DA:74,540
DA:74,540
FN:77,PolyLendTestHelper._getLoan
FNDA:1851,PolyLendTestHelper._getLoan
DA:78,1851
DA:78,1851
DA:88,1851
DA:88,1851
DA:90,1851
DA:90,1851
DA:90,1851
FN:103,PolyLendTestHelper._getNewRate
FNDA:810,PolyLendTestHelper._getNewRate
DA:104,810
DA:104,810
DA:104,810
DA:104,810
DA:104,810
DA:104,810
FNF:6
FNH:6
LF:31
LH:31
BRF:0
BRH:0
end_of_record
